  main.cpp
D:\coding\my_cans\data_structure\Graph\main.cpp(66,17): warning C4473: “scanf_s”: 没有为格式字符串传递足够的参数
  D:\coding\my_cans\data_structure\Graph\main.cpp(66,17):
  占位符和其参数预计 2 可变参数，但提供的却是 1 参数
  D:\coding\my_cans\data_structure\Graph\main.cpp(66,17):
  缺失的可变参数 2 为格式字符串“%c”所需
  D:\coding\my_cans\data_structure\Graph\main.cpp(66,17):
  此参数用作缓冲区大小
  
D:\coding\my_cans\data_structure\Graph\main.cpp(78,17): warning C4473: “scanf_s”: 没有为格式字符串传递足够的参数
  D:\coding\my_cans\data_structure\Graph\main.cpp(78,17):
  占位符和其参数预计 2 可变参数，但提供的却是 1 参数
  D:\coding\my_cans\data_structure\Graph\main.cpp(78,17):
  缺失的可变参数 2 为格式字符串“%c”所需
  D:\coding\my_cans\data_structure\Graph\main.cpp(78,17):
  此参数用作缓冲区大小
  
D:\coding\my_cans\data_structure\Graph\main.cpp(79,17): warning C4473: “scanf_s”: 没有为格式字符串传递足够的参数
  D:\coding\my_cans\data_structure\Graph\main.cpp(79,17):
  占位符和其参数预计 2 可变参数，但提供的却是 1 参数
  D:\coding\my_cans\data_structure\Graph\main.cpp(79,17):
  缺失的可变参数 2 为格式字符串“%c”所需
  D:\coding\my_cans\data_structure\Graph\main.cpp(79,17):
  此参数用作缓冲区大小
  
  Graph.vcxproj -> D:\coding\my_cans\data_structure\Graph\x64\Debug\Graph.exe
